<?xml version="1.0" encoding="UTF-8"?>
<testng-results ignored="0" total="1" passed="1" failed="0" skipped="0">
  <reporter-output>
  </reporter-output>
  <suite started-at="2023-01-14T17:24:02 IST" name="Default suite" finished-at="2023-01-14T17:24:03 IST" duration-ms="59">
    <groups>
    </groups>
    <test started-at="2023-01-14T17:24:02 IST" name="Default test" finished-at="2023-01-14T17:24:03 IST" duration-ms="59">
      <class name="Demo.Sample">
        <test-method signature="sampleTest()[pri:0, instance:Demo.Sample@3541cb24]" started-at="2023-01-14T17:24:03 IST" name="sampleTest" finished-at="2023-01-14T17:24:03 IST" duration-ms="11" status="PASS">
          <reporter-output>
          </reporter-output>
        </test-method> <!-- sampleTest -->
      </class> <!-- Demo.Sample -->
    </test> <!-- Default test -->
  </suite> <!-- Default suite -->
</testng-results>
